# JRE version: OpenJDK Runtime Environment Temurin-17.0.13+11 (17.0.13+11) (build 17.0.13+11)
# Java VM: OpenJDK 64-Bit Server VM Temurin-17.0.13+11 (17.0.13+11, mixed mode, tiered, compressed oops, compressed class ptrs, parallel gc, windows-amd64)
GC Precious Log:
 CPUs: 4 total, 4 available
 Memory: 3891M
 Large Page Support: Disabled
 NUMA Support: Disabled
 Compressed Oops: Enabled (32-bit)
 Alignments: Space 512K, Generation 512K, Heap 2M
 Heap Min Capacity: 100M
 Heap Initial Capacity: 100M
 Heap Max Capacity: 1G
 Pre-touch: Disabled
 Parallel Workers: 4
Heap:
 PSYoungGen      total 2560K, used 2176K [0x00000000eab00000, 0x00000000eae80000, 0x0000000100000000)
  eden space 2048K, 100% used [0x00000000eab00000,0x00000000ead00000,0x00000000ead00000)
  from space 512K, 25% used [0x00000000ead00000,0x00000000ead20000,0x00000000ead80000)
  to   space 512K, 0% used [0x00000000eae00000,0x00000000eae00000,0x00000000eae80000)
 ParOldGen       total 172544K, used 169103K [0x00000000c0000000, 0x00000000ca880000, 0x00000000eab00000)
  object space 172544K, 98% used [0x00000000c0000000,0x00000000ca523dc0,0x00000000ca880000)
 Metaspace       used 92129K, committed 93440K, reserved 1179648K
  class space    used 9486K, committed 10112K, reserved 1048576K
GC Heap History (20 events):
Event: 2573.423 GC heap before
{Heap before GC invocations=1329 (full 21):
 PSYoungGen      total 3584K, used 3376K [0x00000000eab00000, 0x00000000eaf80000, 0x0000000100000000)
  eden space 2560K, 100% used [0x00000000eab00000,0x00000000ead80000,0x00000000ead80000)
  from space 1024K, 79% used [0x00000000ead80000,0x00000000eae4c090,0x00000000eae80000)
  to   space 1024K, 0% used [0x00000000eae80000,0x00000000eae80000,0x00000000eaf80000)
 ParOldGen       total 172544K, used 163440K [0x00000000c0000000, 0x00000000ca880000, 0x00000000eab00000)
  object space 172544K, 94% used [0x00000000c0000000,0x00000000c9f9c0e0,0x00000000ca880000)
 Metaspace       used 91979K, committed 93376K, reserved 1179648K
  class space    used 9458K, committed 10112K, reserved 1048576K
}
Event: 2573.426 GC heap after
{Heap after GC invocations=1329 (full 21):
 PSYoungGen      total 1536K, used 1024K [0x00000000eab00000, 0x00000000eb580000, 0x0000000100000000)
  eden space 512K, 0% used [0x00000000eab00000,0x00000000eab00000,0x00000000eab80000)
  from space 1024K, 100% used [0x00000000eae80000,0x00000000eaf80000,0x00000000eaf80000)
  to   space 3072K, 0% used [0x00000000eab80000,0x00000000eab80000,0x00000000eae80000)
 ParOldGen       total 172544K, used 165621K [0x00000000c0000000, 0x00000000ca880000, 0x00000000eab00000)
  object space 172544K, 95% used [0x00000000c0000000,0x00000000ca1bd6f0,0x00000000ca880000)
 Metaspace       used 91979K, committed 93376K, reserved 1179648K
  class space    used 9458K, committed 10112K, reserved 1048576K
}
Event: 2573.428 GC heap before
{Heap before GC invocations=1330 (full 21):
 PSYoungGen      total 1536K, used 1536K [0x00000000eab00000, 0x00000000eb580000, 0x0000000100000000)
  eden space 512K, 100% used [0x00000000eab00000,0x00000000eab80000,0x00000000eab80000)
  from space 1024K, 100% used [0x00000000eae80000,0x00000000eaf80000,0x00000000eaf80000)
  to   space 3072K, 0% used [0x00000000eab80000,0x00000000eab80000,0x00000000eae80000)
 ParOldGen       total 172544K, used 165621K [0x00000000c0000000, 0x00000000ca880000, 0x00000000eab00000)
  object space 172544K, 95% used [0x00000000c0000000,0x00000000ca1bd6f0,0x00000000ca880000)
 Metaspace       used 91979K, committed 93376K, reserved 1179648K
  class space    used 9458K, committed 10112K, reserved 1048576K
}
Event: 2573.430 GC heap after
{Heap after GC invocations=1330 (full 21):
 PSYoungGen      total 1536K, used 544K [0x00000000eab00000, 0x00000000eaf00000, 0x0000000100000000)
  eden space 512K, 0% used [0x00000000eab00000,0x00000000eab00000,0x00000000eab80000)
  from space 1024K, 53% used [0x00000000eab80000,0x00000000eac08000,0x00000000eac80000)
  to   space 1536K, 0% used [0x00000000ead80000,0x00000000ead80000,0x00000000eaf00000)
 ParOldGen       total 172544K, used 166661K [0x00000000c0000000, 0x00000000ca880000, 0x00000000eab00000)
  object space 172544K, 96% used [0x00000000c0000000,0x00000000ca2c16f0,0x00000000ca880000)
 Metaspace       used 91979K, committed 93376K, reserved 1179648K
  class space    used 9458K, committed 10112K, reserved 1048576K
}
Event: 2573.445 GC heap before
{Heap before GC invocations=1331 (full 21):
 PSYoungGen      total 1536K, used 1056K [0x00000000eab00000, 0x00000000eaf00000, 0x0000000100000000)
  eden space 512K, 100% used [0x00000000eab00000,0x00000000eab80000,0x00000000eab80000)
  from space 1024K, 53% used [0x00000000eab80000,0x00000000eac08000,0x00000000eac80000)
  to   space 1536K, 0% used [0x00000000ead80000,0x00000000ead80000,0x00000000eaf00000)
 ParOldGen       total 172544K, used 166661K [0x00000000c0000000, 0x00000000ca880000, 0x00000000eab00000)
  object space 172544K, 96% used [0x00000000c0000000,0x00000000ca2c16f0,0x00000000ca880000)
 Metaspace       used 91979K, committed 93376K, reserved 1179648K
  class space    used 9458K, committed 10112K, reserved 1048576K
}
Event: 2573.446 GC heap after
{Heap after GC invocations=1331 (full 21):
 PSYoungGen      total 1024K, used 448K [0x00000000eab00000, 0x00000000eae00000, 0x0000000100000000)
  eden space 512K, 0% used [0x00000000eab00000,0x00000000eab00000,0x00000000eab80000)
  from space 512K, 87% used [0x00000000ead80000,0x00000000eadf0000,0x00000000eae00000)
  to   space 1024K, 0% used [0x00000000eac00000,0x00000000eac00000,0x00000000ead00000)
 ParOldGen       total 172544K, used 167141K [0x00000000c0000000, 0x00000000ca880000, 0x00000000eab00000)
  object space 172544K, 96% used [0x00000000c0000000,0x00000000ca3396f0,0x00000000ca880000)
 Metaspace       used 91979K, committed 93376K, reserved 1179648K
  class space    used 9458K, committed 10112K, reserved 1048576K
}
Event: 2573.449 GC heap before
{Heap before GC invocations=1332 (full 21):
 PSYoungGen      total 1024K, used 960K [0x00000000eab00000, 0x00000000eae00000, 0x0000000100000000)
  eden space 512K, 100% used [0x00000000eab00000,0x00000000eab80000,0x00000000eab80000)
  from space 512K, 87% used [0x00000000ead80000,0x00000000eadf0000,0x00000000eae00000)
  to   space 1024K, 0% used [0x00000000eac00000,0x00000000eac00000,0x00000000ead00000)
 ParOldGen       total 172544K, used 167141K [0x00000000c0000000, 0x00000000ca880000, 0x00000000eab00000)
  object space 172544K, 96% used [0x00000000c0000000,0x00000000ca3396f0,0x00000000ca880000)
 Metaspace       used 91979K, committed 93376K, reserved 1179648K
  class space    used 9458K, committed 10112K, reserved 1048576K
}
Event: 2573.450 GC heap after
{Heap after GC invocations=1332 (full 21):
 PSYoungGen      total 2048K, used 192K [0x00000000eab00000, 0x00000000eae00000, 0x0000000100000000)
  eden space 1024K, 0% used [0x00000000eab00000,0x00000000eab00000,0x00000000eac00000)
  from space 1024K, 18% used [0x00000000eac00000,0x00000000eac30000,0x00000000ead00000)
  to   space 512K, 0% used [0x00000000ead80000,0x00000000ead80000,0x00000000eae00000)
 ParOldGen       total 172544K, used 167549K [0x00000000c0000000, 0x00000000ca880000, 0x00000000eab00000)
  object space 172544K, 97% used [0x00000000c0000000,0x00000000ca39f768,0x00000000ca880000)
 Metaspace       used 91979K, committed 93376K, reserved 1179648K
  class space    used 9458K, committed 10112K, reserved 1048576K
}
Event: 2573.454 GC heap before
{Heap before GC invocations=1333 (full 21):
 PSYoungGen      total 2048K, used 1216K [0x00000000eab00000, 0x00000000eae00000, 0x0000000100000000)
  eden space 1024K, 100% used [0x00000000eab00000,0x00000000eac00000,0x00000000eac00000)
  from space 1024K, 18% used [0x00000000eac00000,0x00000000eac30000,0x00000000ead00000)
  to   space 512K, 0% used [0x00000000ead80000,0x00000000ead80000,0x00000000eae00000)
 ParOldGen       total 172544K, used 167549K [0x00000000c0000000, 0x00000000ca880000, 0x00000000eab00000)
  object space 172544K, 97% used [0x00000000c0000000,0x00000000ca39f768,0x00000000ca880000)
 Metaspace       used 91979K, committed 93376K, reserved 1179648K
  class space    used 9458K, committed 10112K, reserved 1048576K
}
Event: 2573.466 GC heap after
{Heap after GC invocations=1333 (full 21):
 PSYoungGen      total 2048K, used 256K [0x00000000eab00000, 0x00000000eae00000, 0x0000000100000000)
  eden space 1536K, 0% used [0x00000000eab00000,0x00000000eab00000,0x00000000eac80000)
  from space 512K, 50% used [0x00000000ead80000,0x00000000eadc0000,0x00000000eae00000)
  to   space 512K, 0% used [0x00000000ead00000,0x00000000ead00000,0x00000000ead80000)
 ParOldGen       total 172544K, used 167698K [0x00000000c0000000, 0x00000000ca880000, 0x00000000eab00000)
  object space 172544K, 97% used [0x00000000c0000000,0x00000000ca3c4a78,0x00000000ca880000)
 Metaspace       used 91979K, committed 93376K, reserved 1179648K
  class space    used 9458K, committed 10112K, reserved 1048576K
}
Event: 2573.567 GC heap before
{Heap before GC invocations=1334 (full 21):
 PSYoungGen      total 2048K, used 1792K [0x00000000eab00000, 0x00000000eae00000, 0x0000000100000000)
  eden space 1536K, 100% used [0x00000000eab00000,0x00000000eac80000,0x00000000eac80000)
  from space 512K, 50% used [0x00000000ead80000,0x00000000eadc0000,0x00000000eae00000)
  to   space 512K, 0% used [0x00000000ead00000,0x00000000ead00000,0x00000000ead80000)
 ParOldGen       total 172544K, used 167698K [0x00000000c0000000, 0x00000000ca880000, 0x00000000eab00000)
  object space 172544K, 97% used [0x00000000c0000000,0x00000000ca3c4a78,0x00000000ca880000)
 Metaspace       used 92002K, committed 93376K, reserved 1179648K
  class space    used 9460K, committed 10112K, reserved 1048576K
}
Event: 2573.570 GC heap after
{Heap after GC invocations=1334 (full 21):
 PSYoungGen      total 2560K, used 352K [0x00000000eab00000, 0x00000000eae00000, 0x0000000100000000)
  eden space 2048K, 0% used [0x00000000eab00000,0x00000000eab00000,0x00000000ead00000)
  from space 512K, 68% used [0x00000000ead00000,0x00000000ead58000,0x00000000ead80000)
  to   space 512K, 0% used [0x00000000ead80000,0x00000000ead80000,0x00000000eae00000)
 ParOldGen       total 172544K, used 167938K [0x00000000c0000000, 0x00000000ca880000, 0x00000000eab00000)
  object space 172544K, 97% used [0x00000000c0000000,0x00000000ca400a78,0x00000000ca880000)
 Metaspace       used 92002K, committed 93376K, reserved 1179648K
  class space    used 9460K, committed 10112K, reserved 1048576K
}
Event: 2573.985 GC heap before
{Heap before GC invocations=1335 (full 21):
 PSYoungGen      total 2560K, used 2400K [0x00000000eab00000, 0x00000000eae00000, 0x0000000100000000)
  eden space 2048K, 100% used [0x00000000eab00000,0x00000000ead00000,0x00000000ead00000)
  from space 512K, 68% used [0x00000000ead00000,0x00000000ead58000,0x00000000ead80000)
  to   space 512K, 0% used [0x00000000ead80000,0x00000000ead80000,0x00000000eae00000)
 ParOldGen       total 172544K, used 167938K [0x00000000c0000000, 0x00000000ca880000, 0x00000000eab00000)
  object space 172544K, 97% used [0x00000000c0000000,0x00000000ca400a78,0x00000000ca880000)
 Metaspace       used 92109K, committed 93440K, reserved 1179648K
  class space    used 9485K, committed 10112K, reserved 1048576K
}
Event: 2573.987 GC heap after
{Heap after GC invocations=1335 (full 21):
 PSYoungGen      total 2560K, used 480K [0x00000000eab00000, 0x00000000eae00000, 0x0000000100000000)
  eden space 2048K, 0% used [0x00000000eab00000,0x00000000eab00000,0x00000000ead00000)
  from space 512K, 93% used [0x00000000ead80000,0x00000000eadf8000,0x00000000eae00000)
  to   space 512K, 0% used [0x00000000ead00000,0x00000000ead00000,0x00000000ead80000)
 ParOldGen       total 172544K, used 168215K [0x00000000c0000000, 0x00000000ca880000, 0x00000000eab00000)
  object space 172544K, 97% used [0x00000000c0000000,0x00000000ca445e48,0x00000000ca880000)
 Metaspace       used 92109K, committed 93440K, reserved 1179648K
  class space    used 9485K, committed 10112K, reserved 1048576K
}
Event: 2574.223 GC heap before
{Heap before GC invocations=1336 (full 21):
 PSYoungGen      total 2560K, used 2528K [0x00000000eab00000, 0x00000000eae00000, 0x0000000100000000)
  eden space 2048K, 100% used [0x00000000eab00000,0x00000000ead00000,0x00000000ead00000)
  from space 512K, 93% used [0x00000000ead80000,0x00000000eadf8000,0x00000000eae00000)
  to   space 512K, 0% used [0x00000000ead00000,0x00000000ead00000,0x00000000ead80000)
 ParOldGen       total 172544K, used 168215K [0x00000000c0000000, 0x00000000ca880000, 0x00000000eab00000)
  object space 172544K, 97% used [0x00000000c0000000,0x00000000ca445e48,0x00000000ca880000)
 Metaspace       used 92121K, committed 93440K, reserved 1179648K
  class space    used 9486K, committed 10112K, reserved 1048576K
}
Event: 2574.227 GC heap after
{Heap after GC invocations=1336 (full 21):
 PSYoungGen      total 2560K, used 512K [0x00000000eab00000, 0x00000000eaf00000, 0x0000000100000000)
  eden space 2048K, 0% used [0x00000000eab00000,0x00000000eab00000,0x00000000ead00000)
  from space 512K, 100% used [0x00000000ead00000,0x00000000ead80000,0x00000000ead80000)
  to   space 1024K, 0% used [0x00000000eae00000,0x00000000eae00000,0x00000000eaf00000)
 ParOldGen       total 172544K, used 168570K [0x00000000c0000000, 0x00000000ca880000, 0x00000000eab00000)
  object space 172544K, 97% used [0x00000000c0000000,0x00000000ca49e8f0,0x00000000ca880000)
 Metaspace       used 92121K, committed 93440K, reserved 1179648K
  class space    used 9486K, committed 10112K, reserved 1048576K
}
Event: 2574.320 GC heap before
{Heap before GC invocations=1337 (full 21):
 PSYoungGen      total 2560K, used 2560K [0x00000000eab00000, 0x00000000eaf00000, 0x0000000100000000)
  eden space 2048K, 100% used [0x00000000eab00000,0x00000000ead00000,0x00000000ead00000)
  from space 512K, 100% used [0x00000000ead00000,0x00000000ead80000,0x00000000ead80000)
  to   space 1024K, 0% used [0x00000000eae00000,0x00000000eae00000,0x00000000eaf00000)
 ParOldGen       total 172544K, used 168570K [0x00000000c0000000, 0x00000000ca880000, 0x00000000eab00000)
  object space 172544K, 97% used [0x00000000c0000000,0x00000000ca49e8f0,0x00000000ca880000)
 Metaspace       used 92121K, committed 93440K, reserved 1179648K
  class space    used 9486K, committed 10112K, reserved 1048576K
}
Event: 2574.322 GC heap after
{Heap after GC invocations=1337 (full 21):
 PSYoungGen      total 2560K, used 272K [0x00000000eab00000, 0x00000000eae80000, 0x0000000100000000)
  eden space 2048K, 0% used [0x00000000eab00000,0x00000000eab00000,0x00000000ead00000)
  from space 512K, 53% used [0x00000000eae00000,0x00000000eae44030,0x00000000eae80000)
  to   space 512K, 0% used [0x00000000ead00000,0x00000000ead00000,0x00000000ead80000)
 ParOldGen       total 172544K, used 168983K [0x00000000c0000000, 0x00000000ca880000, 0x00000000eab00000)
  object space 172544K, 97% used [0x00000000c0000000,0x00000000ca505da0,0x00000000ca880000)
 Metaspace       used 92121K, committed 93440K, reserved 1179648K
  class space    used 9486K, committed 10112K, reserved 1048576K
}
Event: 2574.359 GC heap before
{Heap before GC invocations=1338 (full 21):
 PSYoungGen      total 2560K, used 2320K [0x00000000eab00000, 0x00000000eae80000, 0x0000000100000000)
  eden space 2048K, 99% used [0x00000000eab00000,0x00000000eacfffe8,0x00000000ead00000)
  from space 512K, 53% used [0x00000000eae00000,0x00000000eae44030,0x00000000eae80000)
  to   space 512K, 0% used [0x00000000ead00000,0x00000000ead00000,0x00000000ead80000)
 ParOldGen       total 172544K, used 168983K [0x00000000c0000000, 0x00000000ca880000, 0x00000000eab00000)
  object space 172544K, 97% used [0x00000000c0000000,0x00000000ca505da0,0x00000000ca880000)
 Metaspace       used 92124K, committed 93440K, reserved 1179648K
  class space    used 9486K, committed 10112K, reserved 1048576K
}
Event: 2574.360 GC heap after
{Heap after GC invocations=1338 (full 21):
 PSYoungGen      total 2560K, used 128K [0x00000000eab00000, 0x00000000eae80000, 0x0000000100000000)
  eden space 2048K, 0% used [0x00000000eab00000,0x00000000eab00000,0x00000000ead00000)
  from space 512K, 25% used [0x00000000ead00000,0x00000000ead20000,0x00000000ead80000)
  to   space 512K, 0% used [0x00000000eae00000,0x00000000eae00000,0x00000000eae80000)
 ParOldGen       total 172544K, used 169103K [0x00000000c0000000, 0x00000000ca880000, 0x00000000eab00000)
  object space 172544K, 98% used [0x00000000c0000000,0x00000000ca523dc0,0x00000000ca880000)
 Metaspace       used 92124K, committed 93440K, reserved 1179648K
  class space    used 9486K, committed 10112K, reserved 1048576K
}

